<?xml version="1.0" encoding="UTF-8"?>
<!-- Generated by org.testng.reporters.JUnitXMLReporter -->
<testsuite hostname="IBM-1CQ8QM3" name="Default test" tests="5" failures="0" timestamp="4 Jul 2022 17:37:30 GMT" time="10.144" errors="0">
  <testcase name="postSUHRUDHA" time="3.4" classname="project1234.file"/>
  <testcase name="loginSuhrudha" time="1.605" classname="project1234.file"/>
  <testcase name="putSUHRUDHA" time="1.68" classname="project1234.file"/>
  <testcase name="deleteSUHRUDHA" time="1.708" classname="project1234.file"/>
  <testcase name="getSUHRUDHA" time="1.727" classname="project1234.file"/>
</testsuite> <!-- Default test -->
